<?xml version="1.0" encoding="UTF-8"?>
<!-- Generated by org.testng.reporters.JUnitReportReporter -->
<testsuite hostname="DESKTOP-L2N9NS1" failures="0" tests="2" name="commandPromptTest.CreateContactTest" time="0.017" errors="0" timestamp="2022-01-26T13:11:34 IST" skipped="0">
  <testcase classname="commandPromptTest.CreateContactTest" name="create_Contact_With_admin_Test" time="0.002"/>
  <system-out/>
  <testcase classname="commandPromptTest.CreateContactTest" name="create_Contact_Test" time="0.015"/>
  <system-out/>
</testsuite> <!-- commandPromptTest.CreateContactTest -->
