<?xml version="1.0" encoding="UTF-8"?>
<!-- Generated by org.testng.reporters.JUnitReportReporter -->
<testsuite hostname="DESKTOP-L2N9NS1" failures="0" tests="2" name="commandPromptTest.CreateOrgTest" time="10.174" errors="0" timestamp="2022-01-26T13:33:57 IST" skipped="0">
  <testcase classname="commandPromptTest.CreateOrgTest" name="create_org_with_industry_Test" time="0.002"/>
  <system-out/>
  <testcase classname="commandPromptTest.CreateOrgTest" name="create_org_Test" time="10.172"/>
  <system-out/>
</testsuite> <!-- commandPromptTest.CreateOrgTest -->
